<?xml version="1.0" encoding="UTF-8"?>
<testsuite xmlns:xsi="http://www.w3.org/2001/XMLSchema-instance" xsi:noNamespaceSchemaLocation="https://maven.apache.org/surefire/maven-surefire-plugin/xsd/surefire-test-report.xsd" version="3.0.2" name="com.docencia.com.examen.procesos.controller.CliControllerTest" time="0.045" tests="3" errors="0" skipped="0" failures="0">
  <properties>
[...]
</properties>
  <testcase name="testConsoleMenu_InvalidCommand" classname="com.docencia.com.examen.procesos.controller.CliControllerTest" time="0.027">
    <system-out><![CDATA[=== Lanzador de Procesos (CLI) Linux ===
Comandos:
  df -h
  df -H
  Df -H | head

]]></system-out>
  </testcase>
  <testcase name="testConsoleMenuDfCommand" classname="com.docencia.com.examen.procesos.controller.CliControllerTest" time="0.004">
    <system-out><![CDATA[=== Lanzador de Procesos (CLI) Linux ===
Comandos:
  df -h
  df -H
  Df -H | head

]]></system-out>
  </testcase>
  <testcase name="testConsoleMenuTopCommand" classname="com.docencia.com.examen.procesos.controller.CliControllerTest" time="0.007">
    <system-out><![CDATA[=== Lanzador de Procesos (CLI) Linux ===
Comandos:
  df -h
  df -H
  Df -H | head

]]></system-out>
  </testcase>
</testsuite>